<?xml version="1.0" encoding="utf-8"?><testsuites name="pytest tests"><testsuite name="pytest" errors="0" failures="0" skipped="0" tests="29" time="0.817" timestamp="2026-03-12T05:35:50.224671+08:00" hostname="Mac"><testcase classname="tests.test_gps_model" name="test_gps_reproducibility" time="0.000" /><testcase classname="tests.test_gps_model" name="test_gps_output_shape" time="0.000" /><testcase classname="tests.test_gps_model" name="test_gps_batch_output_shape" time="0.000" /><testcase classname="tests.test_gps_model" name="test_gps_zero_noise_gives_truth" time="0.000" /><testcase classname="tests.test_gps_model" name="test_gps_dropout_produces_invalid" time="0.000" /><testcase classname="tests.test_gps_model" name="test_gps_outlier_increases_error" time="0.001" /><testcase classname="tests.test_gps_model" name="test_gps_compute_residual" time="0.000" /><testcase classname="tests.test_gps_model" name="test_gps_sigma_per_axis" time="0.000" /><testcase classname="tests.test_imu_model" name="test_imu_reproducibility" time="0.001" /><testcase classname="tests.test_imu_model" name="test_imu_output_shape" time="0.000" /><testcase classname="tests.test_imu_model" name="test_imu_bias_grows_with_random_walk" time="0.023" /><testcase classname="tests.test_imu_model" name="test_imu_zero_noise_gives_truth" time="0.000" /><testcase classname="tests.test_imu_model" name="test_imu_reset_bias" time="0.000" /><testcase classname="tests.test_imu_model" name="test_imu_plot_error_growth_runs" time="0.136" /><testcase classname="tests.test_kalman_filter" name="test_predict_only_p_grows" time="0.000" /><testcase classname="tests.test_kalman_filter" name="test_update_shrinks_p" time="0.000" /><testcase classname="tests.test_kalman_filter" name="test_nis_chi_squared" time="0.004" /><testcase classname="tests.test_kalman_filter" name="test_reproducibility" time="0.000" /><testcase classname="tests.test_kalman_filter" name="test_update_with_correct_measurement" time="0.000" /><testcase classname="tests.test_kalman_filter" name="test_innovation_gating_rejects_outlier" time="0.000" /><testcase classname="tests.test_state_space" name="test_F_shape" time="0.000" /><testcase classname="tests.test_state_space" name="test_F_identity_blocks" time="0.000" /><testcase classname="tests.test_state_space" name="test_F_p_v_coupling" time="0.000" /><testcase classname="tests.test_state_space" name="test_H_position_only" time="0.000" /><testcase classname="tests.test_state_space" name="test_Q_positive_semidefinite" time="0.000" /><testcase classname="tests.test_state_space" name="test_G_shape" time="0.000" /><testcase classname="tests.test_trajectory_generator" name="test_straight_line_shape" time="0.000" /><testcase classname="tests.test_trajectory_generator" name="test_straight_line_constant_velocity" time="0.000" /><testcase classname="tests.test_trajectory_generator" name="test_straight_line_position_integration" time="0.000" /></testsuite></testsuites>