============================= test session starts ==============================
platform darwin -- Python 3.13.9, pytest-9.0.2, pluggy-1.5.0 -- /opt/miniconda3/bin/python3
cachedir: .pytest_cache
rootdir: /Users/toh/Documents/Dev/TOHgoto/ins-gps-fusion-lab
configfile: pyproject.toml
plugins: zarr-3.1.5
collecting ... collected 29 items

tests/test_gps_model.py::test_gps_reproducibility PASSED                 [  3%]
tests/test_gps_model.py::test_gps_output_shape PASSED                    [  6%]
tests/test_gps_model.py::test_gps_batch_output_shape PASSED              [ 10%]
tests/test_gps_model.py::test_gps_zero_noise_gives_truth PASSED          [ 13%]
tests/test_gps_model.py::test_gps_dropout_produces_invalid PASSED        [ 17%]
tests/test_gps_model.py::test_gps_outlier_increases_error PASSED         [ 20%]
tests/test_gps_model.py::test_gps_compute_residual PASSED                [ 24%]
tests/test_gps_model.py::test_gps_sigma_per_axis PASSED                  [ 27%]
tests/test_imu_model.py::test_imu_reproducibility PASSED                 [ 31%]
tests/test_imu_model.py::test_imu_output_shape PASSED                    [ 34%]
tests/test_imu_model.py::test_imu_bias_grows_with_random_walk PASSED     [ 37%]
tests/test_imu_model.py::test_imu_zero_noise_gives_truth PASSED          [ 41%]
tests/test_imu_model.py::test_imu_reset_bias PASSED                      [ 44%]
tests/test_imu_model.py::test_imu_plot_error_growth_runs PASSED          [ 48%]
tests/test_kalman_filter.py::test_predict_only_p_grows PASSED            [ 51%]
tests/test_kalman_filter.py::test_update_shrinks_p PASSED                [ 55%]
tests/test_kalman_filter.py::test_nis_chi_squared PASSED                 [ 58%]
tests/test_kalman_filter.py::test_reproducibility PASSED                 [ 62%]
tests/test_kalman_filter.py::test_update_with_correct_measurement PASSED [ 65%]
tests/test_kalman_filter.py::test_innovation_gating_rejects_outlier PASSED [ 68%]
tests/test_state_space.py::test_F_shape PASSED                           [ 72%]
tests/test_state_space.py::test_F_identity_blocks PASSED                 [ 75%]
tests/test_state_space.py::test_F_p_v_coupling PASSED                    [ 79%]
tests/test_state_space.py::test_H_position_only PASSED                   [ 82%]
tests/test_state_space.py::test_Q_positive_semidefinite PASSED           [ 86%]
tests/test_state_space.py::test_G_shape PASSED                           [ 89%]
tests/test_trajectory_generator.py::test_straight_line_shape PASSED      [ 93%]
tests/test_trajectory_generator.py::test_straight_line_constant_velocity PASSED [ 96%]
tests/test_trajectory_generator.py::test_straight_line_position_integration PASSED [100%]

- generated xml file: /Users/toh/Documents/Dev/TOHgoto/ins-gps-fusion-lab/results/test_reports/junit.xml -
============================== 29 passed in 0.82s ==============================
